20250316	17:52:53	error	efd55e11-a3de-480d-ba68-bd14d4298445		invalid get request in logsTest.controller.js
20250316	17:53:01	error	367f2270-1358-4a2d-a271-8ad0db8359cb		invalid get request in logsTest.controller.js
20250318	20:16:18	error	8e10cde2-5afb-4dc5-ab4f-a9d85d845b54		 in employees.controller.js
20250318	20:28:11	error	79ae74f0-072e-4b15-a933-bc5495119d00		Error: ER_PARSE_ERROR: You have an error in your SQL syntax; check the manual that corresponds to your MySQL server version for the right syntax to use near '??' at line 1 in employees.controller.js
20250318	21:27:08	error	e2f72131-c8b8-4fc8-9410-689fedb57203		id.match is not a function in employees.controller.js
20250318	21:51:39	error	d3332af0-b080-4674-8fc4-9908e57fa070		Error: ER_PARSE_ERROR: You have an error in your SQL syntax; check the manual that corresponds to your MySQL server version for the right syntax to use near '??' at line 1 in employees.controller.js
20250318	21:51:46	error	6bbcb315-8452-41c0-9d7b-1d7b7181eec1		Error: ER_PARSE_ERROR: You have an error in your SQL syntax; check the manual that corresponds to your MySQL server version for the right syntax to use near '??' at line 1 in employees.controller.js
20250319	15:22:55	error	02a7b857-54bc-4a2f-ad27-4c21ae18dc24		Error: ER_BAD_FIELD_ERROR: Unknown column 'NaN' in 'field list' in employees.controller.js
20250319	15:24:10	error	813c46de-8b19-4219-a3db-48114e1c4f29		Error: ER_BAD_FIELD_ERROR: Unknown column 'NaN' in 'field list' in employees.controller.js
20250319	15:24:50	error	bd938bb0-c25a-482f-a8de-49c49ac93442		Error: ER_BAD_FIELD_ERROR: Unknown column 'NaN' in 'field list' in employees.controller.js
20250319	15:25:30	error	2cbe379e-7553-4328-8051-2de6d2364f65		Error: ER_BAD_FIELD_ERROR: Unknown column 'NaN' in 'field list' in employees.controller.js
20250319	15:26:43	error	f166b0df-04b5-47be-803f-357fbf617d98		Error: ER_BAD_FIELD_ERROR: Unknown column 'NaN' in 'field list' in employees.controller.js
20250319	15:27:00	error	3d754fa6-b4c8-44af-ada9-ba3cf7277557		Error: ER_BAD_FIELD_ERROR: Unknown column 'NaN' in 'field list' in employees.controller.js
20250319	15:27:23	error	f0af88a8-74ba-4b5d-959f-ab47dc755c9e		Error: ER_BAD_FIELD_ERROR: Unknown column 'NaN' in 'field list' in employees.controller.js
20250319	17:49:07	error	410dddaa-b395-4a1f-ae8c-434d3f676b9b		Error: ER_NO_SUCH_TABLE: Table 'mvc_employees_crud.users' doesn't exist in authentication.controller.js
20250319	19:09:06	error	9e1ab506-e499-42a8-8935-a51e0460c8c0		x is not defined in authentication.controller.js
20250319	19:13:01	error	1365521f-88d6-42e9-acce-0381876da368		dayjs(...).unix(...).add is not a function in authentication.controller.js
20250319	19:21:25	error	43c3e182-1b29-4d05-9ce0-c1c2b697e482		insert is not defined in authentication.controller.js
20250319	21:43:36	error	9cb288fd-5f68-4d25-9606-76d325ef40f0		Error: ER_PARSE_ERROR: You have an error in your SQL syntax; check the manual that corresponds to your MySQL server version for the right syntax to use near '?' at line 1 in authentication.controller.js
20250319	21:45:04	error	d4c33f92-a6e6-4f36-a6c3-316699e70d54		Error: ER_PARSE_ERROR: You have an error in your SQL syntax; check the manual that corresponds to your MySQL server version for the right syntax to use near '?' at line 1 in authentication.controller.js
20250320	09:34:06	error	b55c7098-df4f-42bc-bb30-a2223dfccb67		Error: ER_NO_SUCH_TABLE: Table 'mvc_signup_signin.employees' doesn't exist in employees.controller.js
20250320	09:34:38	error	ce33f7ee-b068-4301-948d-a6dba8c20052		Error: ER_NO_SUCH_TABLE: Table 'mvc_signup_signin.employees' doesn't exist in employees.controller.js
20250320	09:34:39	error	3546d68a-23bb-4b90-9f56-83a8b5b65a26		Error: ER_NO_SUCH_TABLE: Table 'mvc_signup_signin.employees' doesn't exist in employees.controller.js
20250320	09:34:40	error	c0b5eab9-0f02-4d61-898f-9d7299cb4479		Error: ER_NO_SUCH_TABLE: Table 'mvc_signup_signin.employees' doesn't exist in employees.controller.js
20250321	17:32:56	error	bc0935dc-053a-48bb-9c20-f2c1e5331669		Promis is not defined in authentication.controller.js
20250321	18:08:42	error	9b744025-efe3-46be-86d4-4077f7bad9dc		password is not defined in authentication.controller.js
20250321	18:51:16	error	f1f16e05-5571-4c53-a437-cf176989d6fc		Invalid status code: undefined in employees.controller.js
20250321	18:52:23	error	7ef4363a-f142-4eec-a3e7-1248018e8838		Invalid status code: undefined in employees.controller.js
20250322	11:16:45	error	03aed873-3c88-45f7-9171-9e69840d1911		Error: ER_BAD_DB_ERROR: Unknown database 'mysql_user_roles' in authentication.controller.js
20250322	11:17:09	error	1a4885af-4edc-4f27-a329-d3a9cd5ac321		Error: ER_PARSE_ERROR: You have an error in your SQL syntax; check the manual that corresponds to your MySQL server version for the right syntax to use near ')' at line 1 in authentication.controller.js
20250322	11:27:00	error	02905d50-1559-49a2-991b-16b9846524f1		Error: ER_TRUNCATED_WRONG_VALUE_FOR_FIELD: Incorrect integer value: '[object Object]' for column 'user_id' at row 1 in authentication.controller.js
20250322	16:25:35	error	d9db2ec3-fa07-48a6-a0cf-c16f1650b74e		Error: ER_BAD_FIELD_ERROR: Unknown column '1' in 'where clause' in authentication.controller.js
20250322	16:54:36	error	27d65811-8993-4775-ac6e-2ca8bdbcbe11		Cannot set properties of undefined (setting '0') in authentication.controller.js
