20250319	21:40:52	request	a0a5ab43-2569-4298-8932-89b7b1a87ae4	POST	undefined	/authentication/signin
20250319	21:41:56	request	12f4bb5c-6047-41a0-b707-9d00c9c3263b	POST	undefined	/authentication/signin
20250319	21:43:36	request	bc87628c-8d8c-4184-a991-d22da04fc424	POST	undefined	/authentication/signin
20250319	21:45:04	request	de084f02-1ad2-4ed7-9cfb-b54adc218938	POST	undefined	/authentication/signin
20250319	21:45:23	request	85ca0ebb-b2dd-42af-9521-b2153e87631e	POST	undefined	/authentication/signin
20250320	08:02:58	request	1b3c932a-2041-474d-b8d5-ef03715f09de	POST	undefined	/authentication/signin
20250320	08:04:17	request	daaa4886-0192-4bbf-b4b2-3dbc80c90d20	POST	undefined	/authentication/signin
20250320	08:04:58	request	05b627f8-f1ac-4ee4-93a8-002ee8430cf5	POST	undefined	/authentication/signin
20250320	08:07:19	request	d55253c8-5ca8-4d0a-b433-0c09c5084f9c	POST	undefined	/authentication/signin
20250320	08:09:03	request	7a5481cd-341e-49f7-b883-6b2a447720f4	POST	undefined	/authentication/signin
20250320	08:09:18	request	bcb7da5b-29bb-46ed-bc24-5a40105f6a8d	POST	undefined	/authentication/signin
20250320	08:15:23	request	4204125e-97ff-4c74-a094-03ca000fd91c	POST	undefined	/authentication/signin
20250320	08:16:14	request	89d7e0f1-4bac-4fdf-a53b-726630731e97	POST	undefined	/authentication/signin
20250320	08:22:40	request	260fe77f-306e-438c-92de-21104bb40b92	POST	undefined	/authentication/signin
20250320	08:22:57	request	3553e599-9985-479e-90d3-4b46355c6614	POST	undefined	/authentication/signin
20250320	08:25:11	request	ea3f2a20-c52d-4c41-8267-acb98f54a6ce	POST	undefined	/authentication/signin
20250320	08:25:55	request	5748db49-4e49-43c9-9079-61e305683f6b	POST	undefined	/authentication/signin
20250320	08:26:39	request	a3948d29-ff8e-4947-9eec-593fdec1c790	POST	undefined	/authentication/signin
20250320	08:30:51	request	7314df90-2306-49ee-bed1-246c2490ee39	POST	undefined	/authentication/signin
20250320	08:42:20	request	d054158a-37c5-43e1-9dc4-76bf1b2e57d7	POST	undefined	/authentication/signin
20250320	08:42:43	request	b31338c8-f06e-40c5-ab48-7ab7ebedf471	POST	undefined	/authentication/signin
20250320	08:43:06	request	8d74a9b3-8a6d-466a-874c-a65507840755	POST	undefined	/authentication/signin
20250320	08:44:04	request	ebf67f3f-0552-4d7c-a2a0-cc586326784f	POST	undefined	/authentication/signin
20250320	08:44:53	request	347a958f-12b2-4f4e-9ff4-affaa3cbdc38	POST	undefined	/authentication/signin
20250320	08:45:20	request	a0ed0747-fb5d-435c-967c-97c6ac147a38	POST	undefined	/authentication/signin
20250320	08:46:49	request	797ec77f-58b7-4d17-ad6e-66a41198a4dc	POST	undefined	/authentication/signin
20250320	09:07:51	request	18cc755f-7536-4e16-aa1c-183987cc31ca	GET	undefined	/employees?id=ALL
20250320	09:09:21	request	df9e972f-6f46-4569-9653-8167cb52b25e	GET	undefined	/employees?id=ALL
20250320	09:09:55	request	280deca4-ad70-4fd6-91f5-2e03fa24d4df	GET	undefined	/employees?id=ALL
20250320	09:11:55	request	dfc24755-4277-4194-b5c2-59747edb6fd5	POST	undefined	/authentication/signin
20250320	09:12:07	request	1fdfebb2-3b64-467f-b7cf-ba1c5da7ce70	GET	undefined	/employees?id=ALL
20250320	09:12:23	request	c5c58ed1-7f8b-4d1c-95b3-f8b192a3c22c	GET	undefined	/employees?id=ALL
20250320	09:13:24	request	888ae385-e295-497c-953e-5e1d4fde47a3	GET	undefined	/employees?id=ALL
20250320	09:13:59	request	005fe843-f268-4093-8e0c-4dad156e9457	GET	undefined	/employees?id=ALL
20250320	09:17:54	request	8565db16-e3c6-4403-a48b-2653cfdd99e3	GET	undefined	/employees?id=ALL
20250320	09:18:22	request	3ec118c7-1b61-4651-a969-2bc0665af202	GET	undefined	/employees?id=ALL
20250320	09:25:25	request	b51168b5-0273-4ae3-8884-e05295024ec0	GET	undefined	/employees?id=ALL
20250320	09:25:36	request	c2887f79-e22b-4cc7-96c9-a12c6c83b77b	GET	undefined	/employees?id=ALL
20250320	09:25:54	request	fd62385e-5728-456a-8c49-c3b7d4d9d43d	GET	undefined	/employees?id=ALL
20250320	09:26:03	request	b1c65600-82b1-44e8-94e7-d8d372922b24	GET	undefined	/employees?id=ALL
20250320	09:26:46	request	fee77387-4008-4c61-adc5-069f621400f6	POST	undefined	/authentication/signin
20250320	09:27:12	request	31235522-f8ba-4d1f-8948-4b7ad6346398	GET	undefined	/employees?id=ALL
20250320	09:28:05	request	7542069e-1f44-451a-a5e5-0b6f1e23a50e	GET	undefined	/employees?id=ALL
20250320	09:34:06	request	eb2dab7f-26fa-414e-a79d-c6756d504387	GET	undefined	/employees?id=ALL
20250320	09:34:38	request	eafef72c-16fd-4f16-9d21-6e3b898cde31	GET	undefined	/employees?id=ALL
20250320	09:34:39	request	df70251c-df36-4136-bcce-6d8ce17df379	GET	undefined	/employees?id=ALL
20250320	09:34:40	request	18182edd-426e-4bf7-b2f9-62a8d5560cb6	GET	undefined	/employees?id=ALL
20250320	09:36:56	request	bcd15742-132c-4c0f-9176-f76793572e34	GET	undefined	/employees?id=ALL
20250320	09:45:22	request	25017880-0bec-466e-aca9-7a213fed5447	GET	undefined	/employees?id=ALL
20250320	09:45:58	request	6ff1e6b5-3b31-4423-bec4-294b9f61820f	GET	undefined	/employees?id=ALL
20250320	09:46:08	request	d9284783-36d8-4917-ace9-a33accf17959	GET	undefined	/employees?id=ALL
20250320	09:49:43	request	8e603526-5ecc-4424-939f-38337be7f3b9	GET	undefined	/employees?id=ALL
20250320	09:50:35	request	cd7c1cc2-a669-4f69-bb9c-b9263c630be4	GET	undefined	/employees?id=ALL
20250320	09:50:38	request	6fdcd5c3-3c4f-4adc-9742-ca3af183067e	GET	undefined	/employees?id=ALL
20250320	09:50:39	request	383a1b65-5492-4420-ae19-42a327a25a61	GET	undefined	/employees?id=ALL
20250320	09:50:40	request	ac9243d1-745c-4e53-a554-38b8e20d20b0	GET	undefined	/employees?id=ALL
20250320	09:51:15	request	5a4ffabf-7186-415e-b132-9092e7cf570a	GET	undefined	/employees?id=ALL
20250320	09:51:53	request	cd79c895-3b6c-47ec-aa0d-d1c45c9c5b99	GET	undefined	/employees?id=ALL
20250320	09:52:35	request	fccb64d2-a07b-45ea-a128-5830e9199974	GET	undefined	/employees?id=ALL
20250320	09:52:59	request	df68c590-4361-4132-93d8-d5d9e5d22d3f	GET	undefined	/employees?id=ALL
20250320	09:53:33	request	378fb45b-708f-435c-b63e-94a175f90a65	GET	undefined	/employees?id=ALL
20250320	09:54:08	request	6d95cc8b-e96f-44d0-bc44-f01fbd55db46	GET	undefined	/employees?id=ALL
20250320	09:54:39	request	9b63087e-e6f3-41d9-97e7-3bced18ed167	GET	undefined	/employees?id=ALL
20250320	09:55:47	request	f43b25c0-cb29-43cd-aeba-e23968b80b67	GET	undefined	/employees?id=ALL
20250320	09:56:50	request	55dbbbd4-4cbc-4181-8e8b-58d47b5aaf19	GET	undefined	/employees?id=ALL
20250320	09:56:53	request	32b0a9d1-b8c3-44ab-9d2a-a7b6d6c5dbb5	GET	undefined	/employees?id=ALL
20250320	09:57:10	request	20974fd4-3346-46e7-865d-cb074581da53	GET	undefined	/employees?id=ALL
20250320	09:57:11	request	a2e08066-a94e-461f-9ac6-b610dd8656a0	GET	undefined	/employees?id=ALL
20250320	09:57:12	request	9b6b74ab-8c53-4e3b-afeb-3b28536d3149	GET	undefined	/employees?id=ALL
20250320	09:57:29	request	0cfde4f9-7c4a-47df-a626-2dfd742ee100	GET	undefined	/employees?id=ALL
20250320	09:58:31	request	0050522a-a07f-4473-a65e-5f3f179ff979	GET	undefined	/employees?id=ALL
20250320	10:03:20	request	544cee93-22cc-4ba9-bf8c-47f19f678c93	GET	undefined	/employees?id=ALL
20250320	10:04:20	request	6d3c2758-2bc7-43ea-919a-041aea8654d0	GET	undefined	/employees?id=ALL
20250320	10:04:36	request	64769676-8ed5-4e31-80c1-13f85350a877	GET	undefined	/employees?id=ALL
20250320	10:05:06	request	f5c323b1-3a67-4cd0-83de-2a34d834b6ab	GET	undefined	/employees?id=ALL
20250320	10:06:47	request	77225e7c-f8c7-4221-872f-3a8f6f7ce856	GET	undefined	/employees?id=ALL
20250320	10:07:01	request	0dadd43b-19fb-4321-925d-abe4e8531e05	GET	undefined	/employees?id=ALL
20250320	10:07:52	request	8a737416-5855-4b9c-939e-6b4103e8c369	POST	undefined	/authentication/signin
20250320	10:08:02	request	cbc52e89-5a55-4cd1-88fb-922ace276a5d	GET	undefined	/employees?id=ALL
20250320	10:12:32	request	bef55db5-08ad-48e1-8ea6-b2fef900ca45	GET	undefined	/employees?id=ALL
20250320	10:14:04	request	daf2a9fe-c2c8-4cc0-b1ae-7f0db4fce997	GET	undefined	/employees?id=ALL
20250320	10:14:21	request	10f72922-8cf5-467e-85a4-75fa1a3cf1c2	GET	undefined	/employees?id=ALL
20250321	15:20:09	request	28bebe70-345f-4e7d-9a63-bc27450d49ad	GET	undefined	/logout/access
20250321	15:20:22	request	22834d22-f88c-4ef1-b9e5-6ea40c05b4dd	GET	undefined	/logout/access
20250321	15:20:28	request	1bd9571a-34d7-4dc0-a902-f898a55f6b2b	GET	undefined	/logout/access
20250321	15:20:37	request	3db21909-0921-4237-b2fa-b2ad11bfd9f7	DELETE	undefined	/logout/access
20250321	15:20:38	request	6c0a6a43-7d7e-4f7d-8dba-5a2d27b76fd9	DELETE	undefined	/logout/access
20250321	15:20:39	request	6b6e660c-fb85-46a4-983e-a40a684c4cd1	DELETE	undefined	/logout/access
20250321	15:21:50	request	c40cd55a-48ac-4c7c-85e7-34a13a4365fb	DELETE	undefined	/logout/access
20250321	15:21:51	request	190e053a-3f3c-4526-8e0c-fb18a6c0083e	DELETE	undefined	/logout/access
20250321	15:21:51	request	cab91bbb-249c-434f-99e7-48307f49ff97	DELETE	undefined	/logout/access
20250321	15:22:03	request	45a8a6ad-5ba6-4970-ba60-a651fc138e62	DELETE	undefined	/logout
20250321	15:22:04	request	8e4ba36e-9b9b-45e4-aeea-049696e070cd	DELETE	undefined	/logout
20250321	15:22:10	request	94920d59-8318-479b-bd8e-17c3a555d2ff	DELETE	undefined	/logout
20250321	15:22:56	request	c6f7781f-5c34-4723-89df-893b695b4acf	POST	undefined	/authentication/signin
20250321	15:23:35	request	50a5f98a-6a24-4db4-8676-df15b030fb47	DELETE	undefined	/logout/access
20250321	15:24:10	request	10a34a4a-d68b-46be-9a3b-b99b101af02f	DELETE	undefined	/logout/access
20250321	15:24:11	request	a5df09ae-afee-4559-bc60-e5c02a8f68e9	DELETE	undefined	/logout/access
20250321	15:24:11	request	2594cc92-6bf2-4c71-82e3-82c659da6133	DELETE	undefined	/logout/access
20250321	15:24:12	request	08dd340d-8f11-4f76-8e86-90a438cfab37	DELETE	undefined	/logout/access
20250321	15:24:14	request	8302d617-0854-46ab-a9b6-ac9ff882d784	DELETE	undefined	/logout/access
20250321	15:24:15	request	1a2c1e5f-f65d-4f13-845b-d625067ae32a	DELETE	undefined	/logout/access
20250321	15:24:15	request	2d785ecc-537e-4a98-8d4b-57e857d06137	DELETE	undefined	/logout/access
20250321	15:24:25	request	eed867dd-46f5-41c8-9005-e7cf32b27d7d	DELETE	undefined	/logout/access
20250321	15:24:26	request	a9ab2d22-9c1e-4dbd-b8e8-2e2ae19b3abb	DELETE	undefined	/logout/access
20250321	15:25:26	request	d8bc5cdd-c175-4de7-b840-ed0131ccbe98	DELETE	undefined	/logout/access
20250321	15:25:27	request	bfa5b531-1733-4fbb-b35d-c3d1dbc39568	DELETE	undefined	/logout/access
20250321	15:25:27	request	a822ce43-4471-4ec8-b30e-7b62f2b0ca5a	DELETE	undefined	/logout/access
20250321	15:25:44	request	65d2ea63-b3cc-4a6c-8c4e-808c63629a3a	DELETE	undefined	/logout/access
20250321	15:25:46	request	b0141b2e-c849-4c8c-ac39-e95b1e52c84d	DELETE	undefined	/logout/access
20250321	15:25:46	request	4dc613d8-d923-436f-9a00-cc76e5a574e1	DELETE	undefined	/logout/access
20250321	15:26:08	request	b710529f-d2c6-4191-9d36-aea21d41fd30	DELETE	undefined	/logout/access
20250321	15:26:43	request	1618e169-5dfb-493f-b63b-9bed2ad9f626	DELETE	undefined	/authentication/logout/access
20250321	15:26:59	request	28b606d1-25a7-41ea-b822-611fe839790e	DELETE	undefined	/authentication/logout/access
20250321	15:32:53	request	5e515dd4-fc4f-48bd-b3a0-b618a4dd0d75	DELETE	undefined	/authentication/logout/access
20250321	15:33:07	request	aa6d5a88-a939-4ef6-aea2-d55ed9777822	DELETE	undefined	/authentication/logout/access
20250321	15:37:15	request	bd65c030-f28a-42b0-8c58-8ebb440a55e8	DELETE	undefined	/authentication/logout/access
20250321	15:43:05	request	bb7538d5-3923-4a63-84c6-e4178e3bfcd3	DELETE	undefined	/authentication/logout/access
20250321	15:47:06	request	66f491fe-e32c-407a-8122-4d5ba6b83a28	DELETE	undefined	/authentication/logout/access
20250321	15:47:45	request	28c18ba6-08f4-4866-8573-2d71c233fc0f	DELETE	undefined	/authentication/logout/access
20250321	15:47:48	request	1aad5d40-1883-4a17-bf23-2c8a2a7de0a0	DELETE	undefined	/authentication/logout/access
20250321	15:47:52	request	8316b314-175e-4eb1-a510-7e445e6c81dd	DELETE	undefined	/authentication/logout/access
20250321	15:47:53	request	134f2e6b-ffb9-41ea-9f10-409f3fab9da9	DELETE	undefined	/authentication/logout/access
20250321	15:58:12	request	f18222c3-044c-4af0-b160-2ca9c9ffc8b4	GET	undefined	/
20250321	15:58:12	request	2d763a30-4385-4642-baa6-1dbcdb96a935	GET	undefined	/assets/css/home.css
20250321	15:58:12	request	4ed9d348-7a34-4adc-b250-684f5aa78d6b	GET	undefined	/assets/css/common.css
20250321	15:58:12	request	b3c5bc19-db8a-4024-8b97-ae4f4d4f8240	GET	http://localhost:3000	/assets/js/common-components/index.js
20250321	15:58:12	request	f66e59b3-0db2-4749-b2a9-b37a3fe72629	GET	http://localhost:3000	/assets/js/main/home.js
20250321	15:58:12	request	a80e8e87-1d86-4b4b-82ee-1c1b6c85f99d	GET	http://localhost:3000	/assets/js/common-components/Header/Header.js
20250321	15:58:12	request	70716ad1-1ca0-46f2-93ac-55091ee9590e	GET	http://localhost:3000	/assets/js/common-components/GitRepositoryHeader/GitRepositoryHeader.js
20250321	15:58:12	request	ff230fd0-ab79-45e3-ac0e-0da5b4331311	GET	http://localhost:3000	/assets/js/common-components/Footer/Footer.js
20250321	15:58:12	request	e97aaf6c-6a62-4026-a0b8-838deaaa3ffd	GET	http://localhost:3000	/assets/js/common-components/Modals/modal.js
20250321	15:58:12	request	d200a9d2-76ce-4813-be18-fecf4c327f42	GET	http://localhost:3000	/assets/js/common-components/Modals/edit/edit_dog.modal.js
20250321	15:58:12	request	b2f305fd-87a1-4e5c-aea8-fb39eb6624dc	GET	http://localhost:3000	/assets/js/utils/globalVariables.js
20250321	15:58:13	request	30af797e-4e5a-49f5-a14a-f56439fec317	GET	undefined	/favicon.ico
20250321	15:58:26	request	84ce8df3-bf32-4f2b-bc4c-994eac69b675	GET	undefined	/500.html
20250321	15:58:53	request	8065757f-2c9b-47c9-9f65-0facc59e37e2	GET	undefined	/authentication.view/signin.view
20250321	15:59:10	request	490e9fd8-886d-4cbe-853e-5809d8226538	GET	undefined	/authentication.view/signin.view
20250321	15:59:13	request	4a55dda8-47b3-4620-9f1e-da2a138209e4	GET	undefined	/authentication.view/signin.view
20250321	15:59:16	request	004a0c89-555d-44dc-8e22-7c04ce92a061	GET	undefined	/authentication.view/signin.view
20250321	15:59:21	request	166436d8-75f2-43bc-a6cf-49ea159d93c6	GET	undefined	/authentication.view/signin.view.html
20250321	15:59:21	request	d336f72b-e095-4b75-a33d-92a12584b361	GET	undefined	/authentication.view/%3C?=ROOT?%3Epublic/assets/bootstrap.assets/dist/css/bootstrap.min.css
20250321	15:59:21	request	2d4ad805-e5df-4a41-b31e-194d950e1c6d	GET	undefined	/authentication.view/%3C?=ROOT?%3Epublic/assets/css/home.css
20250321	15:59:21	request	634ac734-fcd2-4882-aa0d-2ae90335011d	GET	undefined	/authentication.view/%3C?=ROOT?%3Epublic/assets/css/common.css
20250321	15:59:21	request	417ebfa3-c7ef-41a3-be08-c37bf6e06381	GET	undefined	/authentication.view/%3C?=%20ROOT?%3Epublic/assets/bootstrap.assets/dist/js/bootstrap.bundle.min.js
20250321	15:59:21	request	afd3abc2-726e-494e-a00d-10f89a541a26	GET	http://localhost:3000	/authentication.view/%3C?=%20ROOT?%3Epublic/assets/js/common-components/index.js
20250321	15:59:21	request	1f21d632-3662-41a7-9b36-31a128b9a358	GET	http://localhost:3000	/authentication.view/%3C?=%20ROOT?%3Epublic/assets/js/main/main.authentication/signin.js
20250321	15:59:21	request	436b269b-e825-4b23-8bc4-2869563fc7f9	GET	undefined	/favicon.ico
20250321	16:01:40	request	f76e98c9-9605-435d-967a-2faa6794a3ed	GET	undefined	/authentication.view/signin.view.html
20250321	16:01:40	request	d8cef6e8-1151-4165-91f6-7bea6acf13f4	GET	undefined	/assets/css/home.css
20250321	16:01:40	request	21a4d764-761a-4806-a832-fede122a0e0e	GET	undefined	/assets/css/common.css
20250321	16:01:40	request	44173065-408a-4bc6-9c60-60f0b07a24a9	GET	http://localhost:3000	/assets/js/common-components/index.js
20250321	16:01:40	request	bc917fd2-bdce-4c0c-a15f-c978ffa81869	GET	http://localhost:3000	/assets/js/common-components/GitRepositoryHeader/GitRepositoryHeader.js
20250321	16:01:40	request	1d1f5329-1f1b-4730-aab6-35f27ab7c456	GET	http://localhost:3000	/assets/js/common-components/Footer/Footer.js
20250321	16:01:40	request	19973355-5dc6-4fb0-8bb5-78390c384442	GET	http://localhost:3000	/assets/js/common-components/Modals/edit/edit_dog.modal.js
20250321	16:01:40	request	d0ae6beb-664a-4d8f-b494-1193133a17f8	GET	http://localhost:3000	/assets/js/common-components/Header/Header.js
20250321	16:01:40	request	c0c0fad9-4aca-4424-85b7-66fde0c17f66	GET	http://localhost:3000	/assets/js/common-components/Modals/modal.js
20250321	16:01:40	request	8bf5b189-37aa-4fb3-bccc-a34f7b79068c	GET	http://localhost:3000	/assets/js/utils/globalVariables.js
20250321	16:03:17	request	db91ba4a-9fba-441c-b9fc-6d822a03b2ce	GET	undefined	/authentication.view/signin.view.html
20250321	16:03:17	request	e3514de2-de50-4bf3-9d29-657778e76ad8	GET	undefined	/assets/css/home.css
20250321	16:03:17	request	9ca7ac1d-d979-40b7-a284-007d77a928c4	GET	undefined	/assets/css/common.css
20250321	16:03:17	request	5830202c-d345-40ea-9fb0-fc1698ad3e0e	GET	http://localhost:3000	/assets/js/common-components/index.js
20250321	16:03:17	request	168dbc8b-67b6-4ca0-9d5c-24a994da9d5c	GET	http://localhost:3000	/assets/js/common-components/GitRepositoryHeader/GitRepositoryHeader.js
20250321	16:03:17	request	d641ff19-da86-4a60-bc3d-f2ada62eeda9	GET	http://localhost:3000	/assets/js/common-components/Footer/Footer.js
20250321	16:03:17	request	422658c4-6b31-4671-b279-5dd94acead85	GET	http://localhost:3000	/assets/js/common-components/Header/Header.js
20250321	16:03:17	request	8dadc2a8-126e-4564-8063-c6b69d81512c	GET	http://localhost:3000	/assets/js/common-components/Modals/modal.js
20250321	16:03:17	request	33a038f5-d94b-45ce-baa8-d87832a425c9	GET	http://localhost:3000	/assets/js/common-components/Modals/edit/edit_dog.modal.js
20250321	16:03:17	request	065482ab-0e26-4265-ae88-da9d6389d575	GET	http://localhost:3000	/assets/js/utils/globalVariables.js
20250321	16:03:19	request	c3d24c66-5aa5-4d77-9042-c54839a8564a	GET	undefined	/authentication.view/signin.view.html
20250321	16:03:19	request	fa2d9904-ef4b-4e28-8e6e-5cfc180b125b	GET	undefined	/assets/css/home.css
20250321	16:03:19	request	f9883948-6f68-449e-984a-bf80cefe4bcb	GET	undefined	/assets/css/common.css
20250321	16:03:19	request	4182cebc-d10e-4a93-acfd-548694540135	GET	http://localhost:3000	/assets/js/common-components/index.js
20250321	16:03:19	request	c43a0093-1add-4658-831a-82fd17277d52	GET	http://localhost:3000	/assets/js/common-components/GitRepositoryHeader/GitRepositoryHeader.js
20250321	16:03:19	request	bf8419a3-1b51-4cbd-b3b1-50859d8729a5	GET	http://localhost:3000	/assets/js/common-components/Footer/Footer.js
20250321	16:03:19	request	6adab1dd-6b3e-4599-8712-70faea266ba2	GET	http://localhost:3000	/assets/js/common-components/Modals/edit/edit_dog.modal.js
20250321	16:03:19	request	a984c0f6-1c1b-4311-8dc2-6be52701f3f9	GET	http://localhost:3000	/assets/js/common-components/Modals/modal.js
20250321	16:03:19	request	8fcb9a88-6ac7-4e94-8066-06ec92f0ef6f	GET	http://localhost:3000	/assets/js/common-components/Header/Header.js
20250321	16:03:19	request	31cd8b59-62aa-49d1-be19-5068d6d9351c	GET	http://localhost:3000	/assets/js/utils/globalVariables.js
20250321	16:03:22	request	db10cfc8-9119-4035-b760-3abe9320c521	GET	undefined	/authentication.view/changepwr.view.html
20250321	16:03:22	request	5bfbfd9e-c4d4-4c9f-9120-830332fcfd4c	GET	undefined	/authentication.view/%3C?=ROOT?%3Epublic/assets/bootstrap.assets/dist/css/bootstrap.min.css
20250321	16:03:22	request	1b94abb4-9db2-4ccb-b72f-39b325ee2b2b	GET	http://localhost:3000	/authentication.view/%3C?=%20ROOT?%3Epublic/assets/js/main/main.authentication/changepwr.js
20250321	16:03:22	request	b2b04f9a-85ae-401c-acdf-2c5e852874fb	GET	undefined	/authentication.view/%3C?=ROOT?%3Epublic/assets/css/common.css
20250321	16:03:22	request	e298ecd9-4009-4156-b6da-adf781c66c58	GET	undefined	/authentication.view/%3C?=%20ROOT?%3Epublic/assets/bootstrap.assets/dist/js/bootstrap.bundle.min.js
20250321	16:03:22	request	15acd35e-c19d-4d01-b7dc-013270eb9ed8	GET	http://localhost:3000	/authentication.view/%3C?=%20ROOT?%3Epublic/assets/js/common-components/index.js
20250321	16:06:18	request	8029f61b-6a85-4203-8c2a-6d28650e3a42	GET	undefined	/authentication.view/signin.view.html
20250321	16:06:18	request	66e2b130-af8a-41dc-b395-e9c2dc559c9f	GET	undefined	/assets/css/home.css
20250321	16:06:18	request	2bd2846c-7861-4329-a085-98b536e3fccf	GET	undefined	/assets/css/common.css
20250321	16:06:18	request	407d3999-362e-4f08-9314-3455e6fbf550	GET	http://localhost:3000	/assets/js/common-components/index.js
20250321	16:06:18	request	ecb32f40-e39d-432f-8cec-d94b2eeca8e3	GET	http://localhost:3000	/assets/js/common-components/GitRepositoryHeader/GitRepositoryHeader.js
20250321	16:06:18	request	1ac6e268-d36f-496e-bb12-5db43314c5f4	GET	http://localhost:3000	/assets/js/common-components/Footer/Footer.js
20250321	16:06:18	request	e46b5c4b-64b2-4d9c-b09a-002461b2f73b	GET	http://localhost:3000	/assets/js/common-components/Modals/modal.js
20250321	16:06:18	request	9f46bd7a-a08e-4e35-8295-93cf314fcd2e	GET	http://localhost:3000	/assets/js/common-components/Header/Header.js
20250321	16:06:18	request	b336192e-54b6-4184-9b81-c1821857dc56	GET	http://localhost:3000	/assets/js/common-components/Modals/edit/edit_dog.modal.js
20250321	16:06:18	request	7ce74b2a-1fef-40f6-9727-28d34ac2e00a	GET	http://localhost:3000	/assets/js/utils/globalVariables.js
20250321	16:06:19	request	bd6936e2-0a65-492c-82fa-d568c597003c	GET	undefined	/authentication.view/signup.view.html
20250321	16:06:19	request	ec5ca5a2-0aa6-4fe2-a25e-5a5bdb4ef7b2	GET	undefined	/assets/css/common.css
20250321	16:06:19	request	e517abfd-b400-4a23-880f-d99bcd996e02	GET	http://localhost:3000	/assets/js/common-components/index.js
20250321	16:06:19	request	cb3e59b3-1d65-4111-b22a-a1bbc6b9554d	GET	http://localhost:3000	/assets/js/common-components/GitRepositoryHeader/GitRepositoryHeader.js
20250321	16:06:19	request	bd538e40-12a6-40a8-bbc3-bc6b5a9d3a4a	GET	http://localhost:3000	/assets/js/common-components/Header/Header.js
20250321	16:06:19	request	d02efa04-d360-4ad0-9b77-5b6462cb26bb	GET	http://localhost:3000	/assets/js/common-components/Footer/Footer.js
20250321	16:06:19	request	abd6eb0f-c535-40e8-b5f3-1d9ac04fba15	GET	http://localhost:3000	/assets/js/common-components/Modals/edit/edit_dog.modal.js
20250321	16:06:19	request	ff85ba10-ec44-40f9-9002-fecc9b20863f	GET	http://localhost:3000	/assets/js/common-components/Modals/modal.js
20250321	16:06:19	request	e3313474-81cf-40e4-a47f-b17c811fe17e	GET	http://localhost:3000	/assets/js/utils/globalVariables.js
20250321	16:06:23	request	9bc9c21e-e850-4f43-b855-e37dbc7a62e9	GET	undefined	/authentication.view/changepwr.view.html
20250321	16:06:23	request	2f5aff36-2878-4a36-9ef0-d24156f935ba	GET	undefined	/assets/css/common.css
20250321	16:06:23	request	e8109c91-00f0-4640-a605-937e1d4bcbf5	GET	http://localhost:3000	/assets/js/common-components/index.js
20250321	16:06:23	request	c3d044a0-62b0-48c3-a2d6-3cfdfadb2709	GET	http://localhost:3000	/assets/js/common-components/GitRepositoryHeader/GitRepositoryHeader.js
20250321	16:06:23	request	c75d9928-443d-4b7c-a7d7-2ee4b063ed9b	GET	http://localhost:3000	/assets/js/common-components/Header/Header.js
20250321	16:06:23	request	c4f4d2ee-8e7c-424b-8dba-ca474159f67d	GET	http://localhost:3000	/assets/js/common-components/Footer/Footer.js
20250321	16:06:23	request	15045f8e-801b-4ec1-bfb8-7f975c24709c	GET	http://localhost:3000	/assets/js/common-components/Modals/edit/edit_dog.modal.js
20250321	16:06:23	request	1ef342f4-ab41-4b80-b674-e023fb511709	GET	http://localhost:3000	/assets/js/common-components/Modals/modal.js
20250321	16:06:23	request	e0427248-aa08-4940-a880-27a5a3637e97	GET	http://localhost:3000	/assets/js/utils/globalVariables.js
20250321	16:07:05	request	0f07ca52-f9d8-49c6-a92b-99f71f838d3d	GET	undefined	/authentication.view/signin.view.html
20250321	16:07:05	request	4d874d03-28ad-4300-a5ed-6df2481f7901	GET	undefined	/assets/css/home.css
20250321	16:07:05	request	4dd27b50-125c-4c11-b1a1-8bca1620a03f	GET	undefined	/assets/css/common.css
20250321	16:07:05	request	2828a8e0-eb33-42ff-8011-0c6e233b982d	GET	http://localhost:3000	/assets/js/common-components/index.js
20250321	16:07:05	request	6eac2780-86dc-4d89-a9a0-31d443e8e2bf	GET	http://localhost:3000	/assets/js/common-components/GitRepositoryHeader/GitRepositoryHeader.js
20250321	16:07:05	request	f1833da0-17fd-4fb3-9b05-2be87945a263	GET	http://localhost:3000	/assets/js/common-components/Header/Header.js
20250321	16:07:05	request	6430a6a5-7eb1-4ab4-a70c-be2eb400e84b	GET	http://localhost:3000	/assets/js/common-components/Modals/edit/edit_dog.modal.js
20250321	16:07:05	request	613ffdb5-7d09-4124-8eea-2749bdd16954	GET	http://localhost:3000	/assets/js/common-components/Modals/modal.js
20250321	16:07:05	request	9175e08e-f615-4bdc-b010-db795c10172b	GET	http://localhost:3000	/assets/js/common-components/Footer/Footer.js
20250321	16:07:05	request	57a66f75-9e53-48cb-ae13-b72309b92017	GET	http://localhost:3000	/assets/js/utils/globalVariables.js
20250321	16:10:10	request	9004ca3c-5418-47db-8937-f5bb8252d4a1	GET	undefined	/authentication.view/signin.view
20250321	16:10:12	request	5c3ee457-3e81-4f3e-baa2-2ae064f16781	GET	undefined	/authentication.view/signin.view
20250321	16:10:14	request	eea848e2-d79a-4d61-9ec0-8463ebd61200	GET	undefined	/authentication.view/signin.view
20250321	16:10:19	request	f4c71467-3fd0-4b22-b4ab-3c5cfbabc2ca	GET	undefined	/authentication.view/signin.view.html
20250321	16:10:19	request	8dc02faa-3239-4ef3-8583-fbfa5dded2db	GET	undefined	/assets/css/home.css
20250321	16:10:19	request	3a6f9680-a9ad-4d01-8879-cca8ec1021cb	GET	undefined	/assets/css/common.css
20250321	16:10:19	request	45c08647-68c9-48e2-9107-1d9e5d60bbbd	GET	http://localhost:3000	/assets/js/common-components/index.js
20250321	16:10:19	request	4e952aa7-57b1-44a0-9de3-a2c7e9ba8b01	GET	http://localhost:3000	/assets/js/common-components/GitRepositoryHeader/GitRepositoryHeader.js
20250321	16:10:19	request	6d48b94d-a70b-4a61-ad7b-10c136cac669	GET	http://localhost:3000	/assets/js/common-components/Header/Header.js
20250321	16:10:19	request	a21e1fbb-a5c8-4f7e-aa6a-a0b1058c4acd	GET	http://localhost:3000	/assets/js/common-components/Footer/Footer.js
20250321	16:10:19	request	923f3652-ae5a-4895-a2e0-9b8a365970f1	GET	http://localhost:3000	/assets/js/common-components/Modals/modal.js
20250321	16:10:19	request	1dc2e8e2-6c4c-4635-98ed-bd827ec48795	GET	http://localhost:3000	/assets/js/common-components/Modals/edit/edit_dog.modal.js
20250321	16:10:19	request	d9502bff-9391-43be-8549-ac4b3f8341ac	GET	http://localhost:3000	/assets/js/utils/globalVariables.js
20250321	16:12:31	request	06d49052-a64c-4e04-ba45-86fb8205e725	GET	undefined	/authentication.view/signin.view
20250321	16:13:45	request	d81083f8-d64e-411e-8b41-21d1afa9200e	GET	undefined	/authentication.view/signin.view
20250321	16:13:52	request	2ee19750-3a9a-4c56-9ed7-2b77b5f3423b	GET	undefined	/authentication.view/signin.view.html
20250321	16:13:52	request	4c824c6e-6787-4531-a423-47fa25213148	GET	undefined	/assets/css/home.css
20250321	16:13:52	request	4325c9ce-3c07-42b6-96ff-4713bbb9dcf3	GET	undefined	/assets/css/common.css
20250321	16:13:52	request	5c545217-df8c-46dc-bfd5-9bba586ccba9	GET	http://localhost:3000	/assets/js/common-components/index.js
20250321	16:13:52	request	707413b1-8917-447d-9591-f74b96bb6f26	GET	http://localhost:3000	/assets/js/common-components/GitRepositoryHeader/GitRepositoryHeader.js
20250321	16:13:52	request	07711061-0a69-494c-a377-7b494ecc3377	GET	http://localhost:3000	/assets/js/common-components/Header/Header.js
20250321	16:13:52	request	fd7bdd15-5dea-42fc-9e38-ce8a258c4b88	GET	http://localhost:3000	/assets/js/common-components/Footer/Footer.js
20250321	16:13:52	request	05219715-61ce-4c3c-a8b3-8fd1695d1166	GET	http://localhost:3000	/assets/js/common-components/Modals/modal.js
20250321	16:13:52	request	8c8499cf-6a8c-4f45-bbfa-ab77742be7e2	GET	http://localhost:3000	/assets/js/common-components/Modals/edit/edit_dog.modal.js
20250321	16:13:52	request	0575d85e-15cf-4930-bc90-10c927fa7b96	GET	http://localhost:3000	/assets/js/utils/globalVariables.js
20250321	16:14:01	request	f5d09c96-1234-42cb-94f3-9a3cb5700a5a	GET	undefined	/authentication.view/signin.view.html
20250321	16:14:01	request	d2bc2455-e5b8-4f03-88c4-43206b9bfcf4	GET	undefined	/assets/css/home.css
20250321	16:14:01	request	969163e2-f00e-415c-9af8-3fe028a75342	GET	undefined	/assets/css/common.css
20250321	16:14:01	request	4a136e33-7ab8-427b-9ba6-2451ee8b728f	GET	http://localhost:3000	/assets/js/common-components/index.js
20250321	16:14:01	request	53b51448-867b-4ab5-91e9-a58f3902ddcf	GET	http://localhost:3000	/assets/js/common-components/GitRepositoryHeader/GitRepositoryHeader.js
20250321	16:14:01	request	78ca4988-6a7d-4411-bdca-a9b363b9a1ab	GET	http://localhost:3000	/assets/js/common-components/Header/Header.js
20250321	16:14:01	request	666e358e-ff38-466b-9da0-3e1a37922001	GET	http://localhost:3000	/assets/js/common-components/Footer/Footer.js
20250321	16:14:01	request	cf9f9753-2d50-4ea4-a4ca-ccccf91b0d88	GET	http://localhost:3000	/assets/js/common-components/Modals/modal.js
20250321	16:14:01	request	0934bb53-3e14-4b92-99d4-502b7deed724	GET	http://localhost:3000	/assets/js/common-components/Modals/edit/edit_dog.modal.js
20250321	16:14:01	request	a3686dbe-ec87-40cf-b3ea-4bffd54917b0	GET	http://localhost:3000	/assets/js/utils/globalVariables.js
20250321	16:14:04	request	30125094-f20b-4ecb-aa21-0c5bc9ff05f0	GET	undefined	/authentication.view/signin.view.htm
20250321	16:14:08	request	2b2f1c10-9589-4ec2-a45e-2789df435d23	GET	undefined	/authentication.view/signin.view
20250321	16:14:08	request	456fde48-c587-48b4-b0d7-74af058f20db	GET	undefined	/authentication.view/signin.view
20250321	16:16:23	request	74283362-f19e-45ef-b7f5-98e6a84d4b97	GET	undefined	/authentication.view/signin.view
20250321	16:17:45	request	90a5b813-1992-49b4-a18c-5362f7e54a37	GET	undefined	/authentication.view/signin.view
20250321	16:18:28	request	6d895818-628a-4741-afe8-47584825cb16	GET	undefined	/authentication.view/signin.view
20250321	16:18:48	request	c8fe8a7b-0cfc-4a9f-8549-26b2486de3c1	GET	undefined	/500
20250321	16:18:55	request	6fe820a6-a821-4736-bce9-be96597724e2	GET	undefined	/authentication.view/signin.view
20250321	16:18:57	request	150c23cf-b5be-4c76-99c8-432e651955c0	GET	undefined	/authentication.view/signin.view
20250321	16:19:39	request	463f6cd7-e3d1-4130-be82-1b65a41f78fc	GET	undefined	/authentication.view/signin.view
20250321	16:19:45	request	ad42db0b-0d42-49ab-8a23-095ea070af72	GET	undefined	/authentication.view/signin.view.html
20250321	16:19:45	request	da6ab39b-2fb2-480b-8e36-d4fa5a832f2d	GET	undefined	/assets/css/home.css
20250321	16:19:45	request	7cd7a4af-a19b-4807-b725-c31c853efa98	GET	undefined	/assets/css/common.css
20250321	16:19:45	request	7b73584f-fe95-4c86-b6ba-1be0cd2d4746	GET	http://localhost:3000	/assets/js/common-components/index.js
20250321	16:19:45	request	90dc08b7-29b0-492b-89bd-1813b2ba3cf4	GET	http://localhost:3000	/assets/js/common-components/GitRepositoryHeader/GitRepositoryHeader.js
20250321	16:19:45	request	bb601705-e125-4990-9153-5488fb745164	GET	http://localhost:3000	/assets/js/common-components/Header/Header.js
20250321	16:19:45	request	2b9e04d6-c9ad-4b3e-a7a5-f18d7abb97c2	GET	http://localhost:3000	/assets/js/common-components/Footer/Footer.js
20250321	16:19:45	request	83d9f176-ab2b-4f25-9b32-074a2dff843f	GET	http://localhost:3000	/assets/js/common-components/Modals/modal.js
20250321	16:19:45	request	97cc6e51-7afe-459d-a117-9d055102d60a	GET	http://localhost:3000	/assets/js/common-components/Modals/edit/edit_dog.modal.js
20250321	16:19:45	request	0eb654d4-c943-4957-9158-61157a860b2a	GET	http://localhost:3000	/assets/js/utils/globalVariables.js
20250321	16:20:09	request	419f867b-09e3-418a-95f6-f44ad097fca0	GET	undefined	/authentication.view/changepwr.view.html
20250321	16:20:09	request	b62c0041-59ff-43a1-bd65-e8709cc09831	GET	undefined	/assets/css/common.css
20250321	16:20:09	request	8a2f397a-6214-43d3-92f1-f84dded3edff	GET	http://localhost:3000	/assets/js/common-components/index.js
20250321	16:20:09	request	7822d753-1831-4bed-9605-6c32d2c5ef24	GET	http://localhost:3000	/assets/js/common-components/GitRepositoryHeader/GitRepositoryHeader.js
20250321	16:20:09	request	87781a45-daf3-40b1-9427-7f06a75e57e9	GET	http://localhost:3000	/assets/js/common-components/Header/Header.js
20250321	16:20:09	request	1a7aaa6b-a487-436c-8eee-e02ebde85c51	GET	http://localhost:3000	/assets/js/common-components/Modals/edit/edit_dog.modal.js
20250321	16:20:09	request	afd2a264-a2f1-410d-b8d3-c3c562b7ade5	GET	http://localhost:3000	/assets/js/common-components/Footer/Footer.js
20250321	16:20:09	request	dc98623f-9188-4d3f-91dc-a324d901d6ab	GET	http://localhost:3000	/assets/js/common-components/Modals/modal.js
20250321	16:20:09	request	ae193d1c-725f-4267-b054-f4509685eedd	GET	http://localhost:3000	/assets/js/utils/globalVariables.js
20250321	16:53:13	request	002b510e-a17e-4e8d-9190-3af88c29ef85	GET	undefined	/authentication/signin
20250321	16:53:31	request	56ae8c8f-22b1-4bc2-b18e-25c7d36c8ee1	POST	undefined	/authentication/signin
20250321	16:53:31	request	21532713-0c08-41dd-b4e4-8d4c00548706	POST	undefined	/public/authentication/changepwr.view.html
20250321	16:54:31	request	5afb3d5a-0587-4145-a817-2142e1046907	POST	undefined	/authentication/signin
20250321	16:54:31	request	0bd0d8d4-3e66-4574-a729-f53e0cbe8c71	POST	undefined	/authentication/changepwr.view.html
20250321	16:54:46	request	b0cf9879-9ade-42f0-b1a0-cedafef3d2d2	POST	undefined	/authentication/signin
20250321	16:54:46	request	28602a4c-9eda-419d-a3df-df0152dd092b	POST	undefined	/authentication.view/changepwr.view.html
20250321	16:55:33	request	87b7e2cb-5ce6-4ed2-8f80-0c061e8b0ced	POST	undefined	/authentication/signin
20250321	16:55:33	request	4f3fa799-2616-4e8b-8152-a30d8a1609bc	POST	undefined	/authentication.view/changepwr.view.html
20250321	16:55:34	request	f9625e95-0abe-465e-a6e1-eb4e9efca40b	POST	undefined	/authentication/signin
20250321	16:55:34	request	9e38c548-7671-4d3c-b9b3-0a312621b13e	POST	undefined	/authentication.view/changepwr.view.html
20250321	16:55:57	request	489a0319-44cd-4610-982b-47624fdeb54f	GET	undefined	/authentication/signin
20250321	16:55:57	request	5b65761c-cf38-470a-a76e-7c2c9f5047aa	GET	undefined	/authentication.view/changepwr.view.html
20250321	16:55:57	request	17aa2d0e-3138-49f9-b0e3-fb59d9f2a165	GET	undefined	/assets/css/common.css
20250321	16:55:57	request	acbfb320-59c9-4bf2-a60d-ef0aba410fa0	GET	http://localhost:3000	/assets/js/common-components/index.js
20250321	16:55:57	request	987a4222-fe81-400f-aca3-4173b78d8024	GET	http://localhost:3000	/assets/js/common-components/GitRepositoryHeader/GitRepositoryHeader.js
20250321	16:55:57	request	30b3bcd4-1c64-4f70-8566-271f35e6874e	GET	http://localhost:3000	/assets/js/common-components/Header/Header.js
20250321	16:55:57	request	be9beb55-c4f7-476a-8da7-735086963355	GET	http://localhost:3000	/assets/js/common-components/Footer/Footer.js
20250321	16:55:57	request	49c09350-c700-4402-8bb5-eceb0f591d2e	GET	http://localhost:3000	/assets/js/common-components/Modals/edit/edit_dog.modal.js
20250321	16:55:57	request	7c8bf0e3-fb5d-46e6-99ff-8a2e20b1cc18	GET	http://localhost:3000	/assets/js/common-components/Modals/modal.js
20250321	16:55:57	request	c641f411-523f-4028-b9bd-6e6db6d70977	GET	http://localhost:3000	/assets/js/utils/globalVariables.js
20250321	16:57:35	request	45a3503f-506d-49e1-b805-b0f40374d793	PUT	undefined	/authentication/changepwd
20250321	17:05:29	request	0eab54ca-2c14-40a5-8e64-32004925cb42	PUT	undefined	/authentication/changepwd
20250321	17:28:44	request	6e281210-19e0-43a7-884b-71168e2c58f1	PUT	undefined	/authentication/changepwd
20250321	17:30:13	request	efa26453-1be8-4248-bcde-a4d59010c9eb	PUT	undefined	/authentication/changepwd
20250321	17:32:56	request	e7c901a6-94fa-4fcf-b658-15f303f714b9	PUT	undefined	/authentication/changepwd
20250321	17:33:06	request	c841a5ea-a4a1-4097-a684-184f03ef652d	PUT	undefined	/authentication/changepwd
20250321	17:35:08	request	ecd0482e-1419-42e4-a20a-b8ce10f3687c	PUT	undefined	/authentication/changepwd
20250321	17:35:30	request	174cf334-67cb-4ed5-a1d4-820091abf7d1	PUT	undefined	/authentication/changepwd
20250321	17:38:28	request	d0375a96-dc70-4fb2-8987-911c36ae93da	PUT	undefined	/authentication/changepwd
20250321	17:38:53	request	e7327108-22f4-47ec-97b1-065ce3c2c6d0	PUT	undefined	/authentication/changepwd
20250321	17:45:09	request	616be12d-126b-4da8-81be-032ba8472ece	PUT	undefined	/authentication/changepwd
20250321	17:45:19	request	bd965dc1-c4a0-458d-b6e3-a39434699279	PUT	undefined	/authentication/changepwd
20250321	17:53:04	request	e1b63f3b-c790-4c4a-be2d-02c080a5b3ef	PUT	undefined	/authentication/changepwd
20250321	17:53:31	request	517d409b-3ba4-4693-947c-324a75e0ad2d	PUT	undefined	/authentication/changepwd
20250321	17:55:43	request	832f5143-4023-4292-b166-3063346b13fc	PUT	undefined	/authentication/changepwd
20250321	18:00:16	request	4c7bdbe6-74a8-4318-810d-7c08b6852f7f	PUT	undefined	/authentication/changepwd
20250321	18:00:37	request	5ca59660-f81c-4f3d-93c9-011d9eef976a	PUT	undefined	/authentication/changepwd
20250321	18:00:54	request	6964615b-d769-4f28-9389-3fa42332077a	PUT	undefined	/authentication/changepwd
20250321	18:01:04	request	c07fa31a-d530-499b-a91b-c2a616708cb9	PUT	undefined	/authentication/changepwd
20250321	18:08:31	request	b7f3451f-42be-452a-ac76-399a06d5fa5e	POST	undefined	/authentication/signup
20250321	18:08:42	request	9dd3d94d-8b77-4996-b28c-03b963992597	POST	undefined	/authentication/signup
20250321	18:09:27	request	e2dad71d-d9a7-4be0-9598-3854ffa24387	POST	undefined	/authentication/signup
20250321	18:15:40	request	940cf6ea-a106-434b-8dc4-db84c2c7ec13	DELETE	undefined	/authentication/logout/access
20250321	18:15:51	request	c6247569-188b-4209-9e71-14c3dd440c8f	POST	undefined	/authentication/signin
20250321	18:16:05	request	f63948ae-a154-435d-bf01-21161c72bb17	DELETE	undefined	/authentication/logout/access
20250321	18:16:17	request	fe8cb005-8494-4ecb-a6c9-9a6022a29351	DELETE	undefined	/authentication/logout/access
20250321	18:24:17	request	cdccedfe-1954-49d2-9a79-d861c11e973b	POST	undefined	/authentication/signin
20250321	18:24:26	request	5282502d-35f2-4792-b5db-43bd0b95dbcf	POST	undefined	/authentication/signin
20250321	18:49:03	request	911a190e-691c-474b-b792-9cd7ee9726b6	GET	undefined	/employees?id=ALL
20250321	18:49:16	request	2662d9b3-dc8d-4a71-8bf1-ab3fee243f48	GET	undefined	/employees?id=ALL
20250321	18:49:17	request	f939cb93-f9e4-4ca4-ad3e-577674c34016	GET	undefined	/employees?id=ALL
20250321	18:49:43	request	b98f1372-69fe-46f0-951d-3f04d4b1398c	GET	undefined	/employees?id=ALL
20250321	18:49:43	request	386e94a4-10d6-45bb-97a5-4bc58900382f	GET	undefined	/employees?id=ALL
20250321	18:49:44	request	4bb20cbc-e568-4fc7-9a17-f2985e8f6012	GET	undefined	/employees?id=ALL
20250321	18:49:44	request	f6558710-568d-48fb-ba6a-eef0ed44e7fb	GET	undefined	/employees?id=ALL
20250321	18:49:51	request	b01118a1-86b1-48d6-856b-0c8a341e3c1d	GET	undefined	/employees?id=ALL
20250321	18:51:16	request	560f4e58-0ec6-4f66-8b35-871acb4937f2	GET	undefined	/employees?id=ALL
20250321	18:52:23	request	bca2fed6-6e4b-405a-914a-ecd83607c019	GET	undefined	/employees?id=ALL
20250321	18:52:52	request	baa2fc2b-9685-4d63-ac92-00a7a334cdf4	GET	undefined	/employees?id=ALL
20250321	18:56:12	request	5db6e034-2501-4f27-a950-851793bc532d	GET	undefined	/employees?id=1
20250321	19:01:33	request	b2b02c7c-8fcb-4db6-af93-c2487935b2fc	POST	undefined	/employees/
20250321	19:01:37	request	cbb6e425-751a-4e4b-8c2d-e12686fe0d2f	POST	undefined	/employees/
20250321	19:01:44	request	e0686cc6-a3d9-4214-8f8b-5a608b1a3699	POST	undefined	/employees/
20250321	19:01:44	request	5eda36c9-978b-488c-845e-a09672506c57	POST	undefined	/employees/
20250321	19:02:19	request	80b9fa18-8614-4149-a37e-1f0d8b51df7d	POST	undefined	/employees/
20250321	19:02:28	request	e615c875-2d96-4cdb-998c-987619536e43	GET	undefined	/employees?id=ALL
20250321	19:06:38	request	4251f19a-0813-4f93-84ec-4dc4f66dfd63	PUT	undefined	/employees/
20250321	19:06:43	request	9ee173cd-1ede-4ca9-8a39-0f203ce12eb8	GET	undefined	/employees?id=ALL
20250321	19:07:01	request	a535cde5-4bba-44f5-acd0-ae022581c439	PUT	undefined	/employees/
20250321	19:10:40	request	63406ebf-e76e-4531-84c7-a63ac8863be1	DELETE	undefined	/employees/1
20250321	19:10:44	request	bf3005d0-3234-417a-9c71-5fbaba9058bc	GET	undefined	/employees?id=ALL
20250321	19:17:14	request	2a22012d-ee84-4c5f-897b-095251fb99be	GET	undefined	/
20250321	19:17:14	request	c6604f25-a317-4e77-a854-9215d749473e	GET	undefined	/assets/css/home.css
20250321	19:17:14	request	3c4358ea-8996-459b-9328-e10632fd52d0	GET	undefined	/assets/css/common.css
20250321	19:17:14	request	caf9579a-c185-4dd3-aa79-3f1dc931863a	GET	http://localhost:3000	/assets/js/common-components/index.js
20250321	19:17:14	request	9b26aae4-5faf-4452-a864-2107f99bcbfc	GET	http://localhost:3000	/assets/js/main/home.js
20250321	19:17:14	request	30043e31-416d-4dd6-b1ef-532beec44710	GET	http://localhost:3000	/assets/js/common-components/GitRepositoryHeader/GitRepositoryHeader.js
20250321	19:17:14	request	570d0a55-3726-4228-a1aa-7355f4723be1	GET	http://localhost:3000	/assets/js/common-components/Header/Header.js
20250321	19:17:14	request	afb7d2ee-153b-43f8-8b47-5afc852252c4	GET	http://localhost:3000	/assets/js/common-components/Footer/Footer.js
20250321	19:17:14	request	a96402e6-cb25-4d9d-8a5b-3b89d8f0ffaf	GET	http://localhost:3000	/assets/js/common-components/Modals/modal.js
20250321	19:17:14	request	1c5c12ba-ebdb-4103-b6d3-2e17721b228b	GET	http://localhost:3000	/assets/js/common-components/Modals/edit/edit_dog.modal.js
20250321	19:17:14	request	599b624a-edc6-4cdb-bcbb-36bd1e54590e	GET	http://localhost:3000	/assets/js/utils/globalVariables.js
20250322	10:01:29	request	0d7434af-764b-442b-9b86-6b615fe6aa58	GET	undefined	/
20250322	10:01:29	request	67d32c5c-8710-44ed-ac9f-14d4f049b0bc	GET	undefined	/assets/css/home.css
20250322	10:01:29	request	51377da9-c5fe-4d04-a4a7-f3a21d0409bf	GET	undefined	/assets/css/common.css
20250322	10:01:29	request	e9a20006-91f9-4e38-8f3b-8270be1634dd	GET	http://localhost:3000	/assets/js/common-components/index.js
20250322	10:01:29	request	7e6dbc1e-1033-44d4-a795-730fe431b0fa	GET	http://localhost:3000	/assets/js/main/home.js
20250322	10:01:29	request	9b579fe4-3694-40c9-8642-54cff2a20949	GET	http://localhost:3000	/assets/js/common-components/Header/Header.js
20250322	10:01:29	request	0468dd11-8ac5-4a3e-9367-6c5fea3da6a8	GET	http://localhost:3000	/assets/js/common-components/GitRepositoryHeader/GitRepositoryHeader.js
20250322	10:01:29	request	ba388190-bcce-43b8-a6a2-8679fd29aeba	GET	http://localhost:3000	/assets/js/common-components/Footer/Footer.js
20250322	10:01:29	request	49860daf-399b-4609-9f20-61f52db3b9e2	GET	http://localhost:3000	/assets/js/common-components/Modals/modal.js
20250322	10:01:29	request	655da8ad-fac4-4696-820e-cc1c80a1c0a0	GET	http://localhost:3000	/assets/js/common-components/Modals/edit/edit_dog.modal.js
20250322	10:01:29	request	5b681bca-f96f-4a70-bfda-f82eaa038d4a	GET	http://localhost:3000	/assets/js/utils/globalVariables.js
20250322	10:01:30	request	268e6b98-77bb-4d12-89f4-70f6c203fae0	GET	undefined	/favicon.ico
